{"numTotalTestSuites":14,"numPassedTestSuites":14,"numFailedTestSuites":0,"numPendingTestSuites":0,"numTotalTests":13,"numPassedTests":13,"numFailedTests":0,"numPendingTests":0,"numTodoTests":0,"snapshot":{"added":0,"failure":false,"filesAdded":0,"filesRemoved":0,"filesRemovedList":[],"filesUnmatched":0,"filesUpdated":0,"matched":0,"total":0,"unchecked":0,"uncheckedKeysByFile":[],"unmatched":0,"updated":0,"didUpdate":false},"startTime":1787318068186,"success":true,"testResults":[{"assertionResults":[{"ancestorTitles":["App"],"fullName":"App should have a title","status":"passed","title":"should have a title","duration":58.700000047683716,"failureMessages":[],"meta":{},"tags":[]},{"ancestorTitles":["App"],"fullName":"App should display the menu component","status":"passed","title":"should display the menu component","duration":28.099999964237213,"failureMessages":[],"meta":{},"tags":[]},{"ancestorTitles":["App"],"fullName":"App should display the races component","status":"passed","title":"should display the races component","duration":81.5,"failureMessages":[],"meta":{},"tags":[]}],"startTime":1787318075724,"endTime":1787318075892.5,"status":"passed","message":"","name":"C:/Users/oadmin/home/resources/projects/angular-quiz/ponyracer/src/app/app.spec.ts"},{"assertionResults":[{"ancestorTitles":["EventStatusPipe"],"fullName":"EventStatusPipe should create an instance","status":"passed","title":"should create an instance","duration":0.40000003576278687,"failureMessages":[],"meta":{},"tags":[]},{"ancestorTitles":["EventStatusPipe"],"fullName":"EventStatusPipe should return \"Happening Today\" for a date occurring today","status":"passed","title":"should return \"Happening Today\" for a date occurring today","duration":0.9000000357627869,"failureMessages":[],"meta":{},"tags":[]},{"ancestorTitles":["EventStatusPipe"],"fullName":"EventStatusPipe should return \"Completed\" for a date strictly in the past","status":"passed","title":"should return \"Completed\" for a date strictly in the past","duration":0.30000001192092896,"failureMessages":[],"meta":{},"tags":[]},{"ancestorTitles":["EventStatusPipe"],"fullName":"EventStatusPipe should return formatted \"Upcoming on:\" string for a future date","status":"passed","title":"should return formatted \"Upcoming on:\" string for a future date","duration":1.199999988079071,"failureMessages":[],"meta":{},"tags":[]}],"startTime":1787318076148,"endTime":1787318076150.2,"status":"passed","message":"","name":"C:/Users/oadmin/home/resources/projects/angular-quiz/ponyracer/src/app/event-status.pipe.spec.ts"},{"assertionResults":[{"ancestorTitles":["RaceService"],"fullName":"RaceService should return an Observable of races when list() is called","status":"passed","title":"should return an Observable of races when list() is called","duration":8.300000011920929,"failureMessages":[],"meta":{},"tags":[]}],"startTime":1787318076094,"endTime":1787318076102.3,"status":"passed","message":"","name":"C:/Users/oadmin/home/resources/projects/angular-quiz/ponyracer/src/app/race-service.spec.ts"},{"assertionResults":[{"ancestorTitles":["Menu"],"fullName":"Menu should toggle the class on click","status":"passed","title":"should toggle the class on click","duration":490.5,"failureMessages":[],"meta":{},"tags":[]}],"startTime":1787318075375,"endTime":1787318075865.5,"status":"passed","message":"","name":"C:/Users/oadmin/home/resources/projects/angular-quiz/ponyracer/src/app/menu/menu.spec.ts"},{"assertionResults":[{"ancestorTitles":["Pony"],"fullName":"Pony should display an image and a legend","status":"passed","title":"should display an image and a legend","duration":99.19999998807907,"failureMessages":[],"meta":{},"tags":[]},{"ancestorTitles":["Pony"],"fullName":"Pony should emit an event on click","status":"passed","title":"should emit an event on click","duration":256.80000001192093,"failureMessages":[],"meta":{},"tags":[]}],"startTime":1787318075456,"endTime":1787318075812.8,"status":"passed","message":"","name":"C:/Users/oadmin/home/resources/projects/angular-quiz/ponyracer/src/app/pony/pony.spec.ts"},{"assertionResults":[{"ancestorTitles":["Race"],"fullName":"Race should display a race name and its ponies","status":"passed","title":"should display a race name and its ponies","duration":52.700000047683716,"failureMessages":[],"meta":{},"tags":[]}],"startTime":1787318076041,"endTime":1787318076093.7,"status":"passed","message":"","name":"C:/Users/oadmin/home/resources/projects/angular-quiz/ponyracer/src/app/race/race.spec.ts"},{"assertionResults":[{"ancestorTitles":["Races"],"fullName":"Races should display every race","status":"passed","title":"should display every race","duration":57.59999996423721,"failureMessages":[],"meta":{},"tags":[]}],"startTime":1787318076059,"endTime":1787318076116.6,"status":"passed","message":"","name":"C:/Users/oadmin/home/resources/projects/angular-quiz/ponyracer/src/app/races/races.spec.ts"}]}