{"numTotalTestSuites":8,"numPassedTestSuites":8,"numFailedTestSuites":0,"numPendingTestSuites":0,"numTotalTests":6,"numPassedTests":6,"numFailedTests":0,"numPendingTests":0,"numTodoTests":0,"snapshot":{"added":0,"failure":false,"filesAdded":0,"filesRemoved":0,"filesRemovedList":[],"filesUnmatched":0,"filesUpdated":0,"matched":0,"total":0,"unchecked":0,"uncheckedKeysByFile":[],"unmatched":0,"updated":0,"didUpdate":false},"startTime":1787235580079,"success":true,"testResults":[{"assertionResults":[{"ancestorTitles":["App"],"fullName":"App should have a title","status":"passed","title":"should have a title","duration":67.89999997615814,"failureMessages":[],"meta":{},"tags":[]},{"ancestorTitles":["App"],"fullName":"App should display the menu component","status":"passed","title":"should display the menu component","duration":28.600000023841858,"failureMessages":[],"meta":{},"tags":[]},{"ancestorTitles":["App"],"fullName":"App should display the races component","status":"passed","title":"should display the races component","duration":43.700000047683716,"failureMessages":[],"meta":{},"tags":[]}],"startTime":1787235586303,"endTime":1787235586443.7,"status":"passed","message":"","name":"C:/Users/oadmin/home/resources/projects/angular-quiz/ponyracer/src/app/app.spec.ts"},{"assertionResults":[{"ancestorTitles":["Menu"],"fullName":"Menu should toggle the class on click","status":"passed","title":"should toggle the class on click","duration":1161.6000000238419,"failureMessages":[],"meta":{},"tags":[]}],"startTime":1787235586128,"endTime":1787235587289.6,"status":"passed","message":"","name":"C:/Users/oadmin/home/resources/projects/angular-quiz/ponyracer/src/app/menu/menu.spec.ts"},{"assertionResults":[{"ancestorTitles":["Race"],"fullName":"Race should display a race name and its ponies","status":"passed","title":"should display a race name and its ponies","duration":104.10000002384186,"failureMessages":[],"meta":{},"tags":[]}],"startTime":1787235586378,"endTime":1787235586482.1,"status":"passed","message":"","name":"C:/Users/oadmin/home/resources/projects/angular-quiz/ponyracer/src/app/race/race.spec.ts"},{"assertionResults":[{"ancestorTitles":["Races"],"fullName":"Races should display every race","status":"passed","title":"should display every race","duration":101.40000003576279,"failureMessages":[],"meta":{},"tags":[]}],"startTime":1787235586133,"endTime":1787235586234.4,"status":"passed","message":"","name":"C:/Users/oadmin/home/resources/projects/angular-quiz/ponyracer/src/app/races/races.spec.ts"}],"coverageMap":{"C:\\Users\\oadmin\\home\\resources\\projects\\angular-quiz\\ponyracer\\src\\app\\races\\races.ts":{"path":"C:\\Users\\oadmin\\home\\resources\\projects\\angular-quiz\\ponyracer\\src\\app\\races\\races.ts","statementMap":{"0":{"start":{"line":11,"column":6},"end":{"line":7,"column":17}},"1":{"start":{"line":12,"column":29},"end":{"line":35,"column":null}},"2":{"start":{"line":11,"column":13},"end":{"line":7,"column":17}},"3":{"start":{"line":11,"column":13},"end":{"line":11,"column":null}},"4":{"start":{"line":11,"column":18},"end":{"line":1,"column":7}},"5":{"start":{"line":11,"column":13},"end":{"line":7,"column":null}}},"fnMap":{"0":{"name":"template","decl":{"start":{"line":11,"column":18},"end":{"line":11,"column":null}},"loc":{"start":{"line":11,"column":18},"end":{"line":7,"column":16}},"line":11}},"branchMap":{"0":{"loc":{"start":{"line":11,"column":13},"end":{"line":11,"column":18}},"type":"binary-expr","locations":[{"start":{"line":11,"column":13},"end":{"line":11,"column":18}},{"start":{"line":11,"column":13},"end":{"line":11,"column":18}}],"line":11},"1":{"loc":{"start":{"line":11,"column":18},"end":{"line":1,"column":7}},"type":"if","locations":[{"start":{"line":11,"column":18},"end":{"line":1,"column":7}},{"start":{},"end":{}}],"line":11},"2":{"loc":{"start":{"line":11,"column":13},"end":{"line":7,"column":null}},"type":"binary-expr","locations":[{"start":{"line":11,"column":13},"end":{"line":11,"column":18}},{"start":{"line":11,"column":13},"end":{"line":11,"column":18}},{"start":{"line":11,"column":13},"end":{"line":7,"column":null}}],"line":11},"3":{"loc":{"start":{"line":11,"column":13},"end":{"line":11,"column":null}},"type":"binary-expr","locations":[{"start":{"line":11,"column":13},"end":{"line":11,"column":18}},{"start":{"line":11,"column":13},"end":{"line":11,"column":18}},{"start":{"line":11,"column":13},"end":{"line":11,"column":null}}],"line":11}},"s":{"0":2,"1":4,"2":2,"3":2,"4":6,"5":2},"f":{"0":2},"b":{"0":[4,4],"1":[4,2],"2":[2,2,2],"3":[2,2,2]},"meta":{"lastBranch":4,"lastFunction":1,"lastStatement":6,"seen":{"s:11:6:7:17":0,"s:12:29:35:Infinity":1,"s:11:13:7:17":2,"s:11:13:11:Infinity":3,"b:11:13:11:18:11:13:11:18":0,"f:11:18:11:Infinity":0,"b:11:18:1:7:undefined:undefined:undefined:undefined":1,"s:11:18:1:7":4,"s:11:13:7:Infinity":5,"b:11:13:11:18:11:13:11:18:11:13:7:Infinity":2,"b:11:13:11:18:11:13:11:18:11:13:11:Infinity":3},"fnNames":{}}},"C:\\Users\\oadmin\\home\\resources\\projects\\angular-quiz\\ponyracer\\src\\app\\races\\races.html":{"path":"C:\\Users\\oadmin\\home\\resources\\projects\\angular-quiz\\ponyracer\\src\\app\\races\\races.html","statementMap":{"0":{"start":{"line":2,"column":2},"end":{"line":2,"column":null}},"1":{"start":{"line":3,"column":4},"end":{"line":3,"column":13}},"2":{"start":{"line":4,"column":2},"end":{"line":4,"column":null}},"3":{"start":{"line":3,"column":13},"end":{"line":3,"column":null}},"4":{"start":{"line":1,"column":0},"end":{"line":1,"column":7}},"5":{"start":{"line":1,"column":0},"end":{"line":1,"column":null}}},"fnMap":{},"branchMap":{},"s":{"0":4,"1":4,"2":4,"3":4,"4":4,"5":2},"f":{},"b":{},"meta":{"lastBranch":0,"lastFunction":0,"lastStatement":6,"seen":{"s:2:2:2:Infinity":0,"s:3:4:3:13":1,"s:4:2:4:Infinity":2,"s:3:13:3:Infinity":3,"s:1:0:1:7":4,"s:1:0:1:Infinity":5},"fnNames":{}}},"C:\\Users\\oadmin\\home\\resources\\projects\\angular-quiz\\ponyracer\\src\\app\\menu\\menu.ts":{"path":"C:\\Users\\oadmin\\home\\resources\\projects\\angular-quiz\\ponyracer\\src\\app\\menu\\menu.ts","statementMap":{"0":{"start":{"line":9,"column":6},"end":{"line":7,"column":82}},"1":{"start":{"line":10,"column":39},"end":{"line":10,"column":null}},"2":{"start":{"line":9,"column":13},"end":{"line":7,"column":82}},"3":{"start":{"line":13,"column":4},"end":{"line":13,"column":null}},"4":{"start":{"line":13,"column":42},"end":{"line":13,"column":49}},"5":{"start":{"line":9,"column":13},"end":{"line":9,"column":null}},"6":{"start":{"line":9,"column":17},"end":{"line":14,"column":null}},"7":{"start":{"line":9,"column":13},"end":{"line":5,"column":null}}},"fnMap":{"0":{"name":"toggleNavbar","decl":{"start":{"line":12,"column":12},"end":{"line":12,"column":24}},"loc":{"start":{"line":12,"column":24},"end":{"line":14,"column":null}},"line":12},"1":{"name":"(anonymous_1)","decl":{"start":{"line":13,"column":32},"end":{"line":13,"column":42}},"loc":{"start":{"line":13,"column":42},"end":{"line":13,"column":49}},"line":13},"2":{"name":"template","decl":{"start":{"line":9,"column":17},"end":{"line":9,"column":null}},"loc":{"start":{"line":9,"column":17},"end":{"line":7,"column":82}},"line":9}},"branchMap":{"0":{"loc":{"start":{"line":9,"column":13},"end":{"line":9,"column":17}},"type":"binary-expr","locations":[{"start":{"line":9,"column":13},"end":{"line":9,"column":17}},{"start":{"line":9,"column":13},"end":{"line":9,"column":17}}],"line":9},"1":{"loc":{"start":{"line":9,"column":17},"end":{"line":14,"column":null}},"type":"if","locations":[{"start":{"line":9,"column":17},"end":{"line":14,"column":null}},{"start":{},"end":{}}],"line":9},"2":{"loc":{"start":{"line":9,"column":13},"end":{"line":5,"column":null}},"type":"binary-expr","locations":[{"start":{"line":9,"column":13},"end":{"line":9,"column":17}},{"start":{"line":9,"column":13},"end":{"line":9,"column":17}},{"start":{"line":9,"column":13},"end":{"line":5,"column":null}}],"line":9},"3":{"loc":{"start":{"line":9,"column":13},"end":{"line":9,"column":null}},"type":"binary-expr","locations":[{"start":{"line":9,"column":13},"end":{"line":9,"column":17}},{"start":{"line":9,"column":13},"end":{"line":9,"column":17}},{"start":{"line":9,"column":13},"end":{"line":9,"column":null}}],"line":9}},"s":{"0":2,"1":4,"2":2,"3":2,"4":2,"5":2,"6":8,"7":2},"f":{"0":2,"1":2,"2":2},"b":{"0":[4,4],"1":[4,4],"2":[2,2,2],"3":[2,2,2]},"meta":{"lastBranch":4,"lastFunction":3,"lastStatement":8,"seen":{"s:9:6:7:82":0,"s:10:39:10:Infinity":1,"s:9:13:7:82":2,"f:12:12:12:24":0,"s:13:4:13:Infinity":3,"f:13:32:13:42":1,"s:13:42:13:49":4,"s:9:13:9:Infinity":5,"b:9:13:9:17:9:13:9:17":0,"f:9:17:9:Infinity":2,"b:9:17:14:Infinity:undefined:undefined:undefined:undefined":1,"s:9:17:14:Infinity":6,"s:9:13:5:Infinity":7,"b:9:13:9:17:9:13:9:17:9:13:5:Infinity":2,"b:9:13:9:17:9:13:9:17:9:13:9:Infinity":3},"fnNames":{}}},"C:\\Users\\oadmin\\home\\resources\\projects\\angular-quiz\\ponyracer\\src\\app\\menu\\menu.html":{"path":"C:\\Users\\oadmin\\home\\resources\\projects\\angular-quiz\\ponyracer\\src\\app\\menu\\menu.html","statementMap":{"0":{"start":{"line":1,"column":0},"end":{"line":2,"column":null}},"1":{"start":{"line":3,"column":28},"end":{"line":3,"column":37}},"2":{"start":{"line":3,"column":37},"end":{"line":3,"column":null}},"3":{"start":{"line":4,"column":4},"end":{"line":4,"column":12}},"4":{"start":{"line":4,"column":12},"end":{"line":4,"column":null}},"5":{"start":{"line":4,"column":12},"end":{"line":4,"column":35}},"6":{"start":{"line":5,"column":6},"end":{"line":5,"column":null}},"7":{"start":{"line":6,"column":4},"end":{"line":6,"column":null}},"8":{"start":{"line":7,"column":4},"end":{"line":9,"column":null}},"9":{"start":{"line":10,"column":30},"end":{"line":10,"column":35}},"10":{"start":{"line":10,"column":35},"end":{"line":14,"column":null}},"11":{"start":{"line":7,"column":45},"end":{"line":7,"column":82}}},"fnMap":{"0":{"name":"Menu_Template_button_click_4_listener","decl":{"start":{"line":4,"column":12},"end":{"line":4,"column":21}},"loc":{"start":{"line":4,"column":12},"end":{"line":4,"column":null}},"line":4}},"branchMap":{},"s":{"0":4,"1":4,"2":4,"3":4,"4":4,"5":2,"6":4,"7":4,"8":4,"9":4,"10":4,"11":4},"f":{"0":2},"b":{},"meta":{"lastBranch":0,"lastFunction":1,"lastStatement":12,"seen":{"s:1:0:2:Infinity":0,"s:3:28:3:37":1,"s:3:37:3:Infinity":2,"s:4:4:4:12":3,"s:4:12:4:Infinity":4,"f:4:12:4:21":0,"s:4:12:4:35":5,"s:5:6:5:Infinity":6,"s:6:4:6:Infinity":7,"s:7:4:9:Infinity":8,"s:10:30:10:35":9,"s:10:35:14:Infinity":10,"s:7:45:7:82":11},"fnNames":{}}},"C:\\Users\\oadmin\\home\\resources\\projects\\angular-quiz\\ponyracer\\src\\app\\race\\race.ts":{"path":"C:\\Users\\oadmin\\home\\resources\\projects\\angular-quiz\\ponyracer\\src\\app\\race\\race.ts","statementMap":{"0":{"start":{"line":9,"column":6},"end":{"line":4,"column":null}},"1":{"start":{"line":10,"column":23},"end":{"line":10,"column":null}},"2":{"start":{"line":9,"column":13},"end":{"line":4,"column":null}},"3":{"start":{"line":9,"column":13},"end":{"line":9,"column":null}},"4":{"start":{"line":9,"column":17},"end":{"line":7,"column":null}},"5":{"start":{"line":9,"column":13},"end":{"line":5,"column":null}}},"fnMap":{"0":{"name":"template","decl":{"start":{"line":9,"column":17},"end":{"line":9,"column":null}},"loc":{"start":{"line":9,"column":17},"end":{"line":4,"column":null}},"line":9}},"branchMap":{"0":{"loc":{"start":{"line":9,"column":13},"end":{"line":9,"column":17}},"type":"binary-expr","locations":[{"start":{"line":9,"column":13},"end":{"line":9,"column":17}},{"start":{"line":9,"column":13},"end":{"line":9,"column":17}}],"line":9},"1":{"loc":{"start":{"line":9,"column":17},"end":{"line":7,"column":null}},"type":"if","locations":[{"start":{"line":9,"column":17},"end":{"line":7,"column":null}},{"start":{},"end":{}}],"line":9},"2":{"loc":{"start":{"line":9,"column":13},"end":{"line":5,"column":null}},"type":"binary-expr","locations":[{"start":{"line":9,"column":13},"end":{"line":9,"column":17}},{"start":{"line":9,"column":13},"end":{"line":9,"column":17}},{"start":{"line":9,"column":13},"end":{"line":5,"column":null}}],"line":9},"3":{"loc":{"start":{"line":9,"column":13},"end":{"line":9,"column":null}},"type":"binary-expr","locations":[{"start":{"line":9,"column":13},"end":{"line":9,"column":17}},{"start":{"line":9,"column":13},"end":{"line":9,"column":17}},{"start":{"line":9,"column":13},"end":{"line":9,"column":null}}],"line":9}},"s":{"0":3,"1":5,"2":3,"3":3,"4":10,"5":3},"f":{"0":3},"b":{"0":[5,5],"1":[5,5],"2":[3,3,3],"3":[3,3,3]},"meta":{"lastBranch":4,"lastFunction":1,"lastStatement":6,"seen":{"s:9:6:4:Infinity":0,"s:10:23:10:Infinity":1,"s:9:13:4:Infinity":2,"s:9:13:9:Infinity":3,"b:9:13:9:17:9:13:9:17":0,"f:9:17:9:Infinity":0,"b:9:17:7:Infinity:undefined:undefined:undefined:undefined":1,"s:9:17:7:Infinity":4,"s:9:13:5:Infinity":5,"b:9:13:9:17:9:13:9:17:9:13:5:Infinity":2,"b:9:13:9:17:9:13:9:17:9:13:9:Infinity":3},"fnNames":{}}},"C:\\Users\\oadmin\\home\\resources\\projects\\angular-quiz\\ponyracer\\src\\app\\race\\race.html":{"path":"C:\\Users\\oadmin\\home\\resources\\projects\\angular-quiz\\ponyracer\\src\\app\\race\\race.html","statementMap":{"0":{"start":{"line":5,"column":6},"end":{"line":5,"column":10}},"1":{"start":{"line":5,"column":10},"end":{"line":5,"column":25}},"2":{"start":{"line":5,"column":25},"end":{"line":5,"column":null}},"3":{"start":{"line":1,"column":0},"end":{"line":1,"column":null}},"4":{"start":{"line":2,"column":6},"end":{"line":2,"column":28}},"5":{"start":{"line":2,"column":28},"end":{"line":2,"column":null}},"6":{"start":{"line":3,"column":2},"end":{"line":3,"column":null}},"7":{"start":{"line":4,"column":4},"end":{"line":4,"column":15}},"8":{"start":{"line":7,"column":2},"end":{"line":7,"column":null}},"9":{"start":{"line":4,"column":4},"end":{"line":4,"column":null}}},"fnMap":{},"branchMap":{},"s":{"0":25,"1":25,"2":25,"3":5,"4":5,"5":5,"6":5,"7":5,"8":5,"9":5},"f":{},"b":{},"meta":{"lastBranch":0,"lastFunction":0,"lastStatement":10,"seen":{"s:5:6:5:10":0,"s:5:10:5:25":1,"s:5:25:5:Infinity":2,"s:1:0:1:Infinity":3,"s:2:6:2:28":4,"s:2:28:2:Infinity":5,"s:3:2:3:Infinity":6,"s:4:4:4:15":7,"s:7:2:7:Infinity":8,"s:4:4:4:Infinity":9},"fnNames":{}}},"C:\\Users\\oadmin\\home\\resources\\projects\\angular-quiz\\ponyracer\\src\\app\\app.ts":{"path":"C:\\Users\\oadmin\\home\\resources\\projects\\angular-quiz\\ponyracer\\src\\app\\app.ts","statementMap":{"0":{"start":{"line":11,"column":6},"end":{"line":7,"column":24}},"1":{"start":{"line":12,"column":29},"end":{"line":12,"column":null}},"2":{"start":{"line":11,"column":13},"end":{"line":7,"column":24}},"3":{"start":{"line":11,"column":13},"end":{"line":11,"column":null}},"4":{"start":{"line":11,"column":16},"end":{"line":5,"column":null}},"5":{"start":{"line":11,"column":13},"end":{"line":7,"column":null}}},"fnMap":{"0":{"name":"template","decl":{"start":{"line":11,"column":16},"end":{"line":11,"column":null}},"loc":{"start":{"line":11,"column":16},"end":{"line":7,"column":18}},"line":11}},"branchMap":{"0":{"loc":{"start":{"line":11,"column":13},"end":{"line":11,"column":16}},"type":"binary-expr","locations":[{"start":{"line":11,"column":13},"end":{"line":11,"column":16}},{"start":{"line":11,"column":13},"end":{"line":11,"column":16}}],"line":11},"1":{"loc":{"start":{"line":11,"column":16},"end":{"line":5,"column":null}},"type":"if","locations":[{"start":{"line":11,"column":16},"end":{"line":5,"column":null}},{"start":{},"end":{}}],"line":11},"2":{"loc":{"start":{"line":11,"column":13},"end":{"line":7,"column":null}},"type":"binary-expr","locations":[{"start":{"line":11,"column":13},"end":{"line":11,"column":16}},{"start":{"line":11,"column":13},"end":{"line":11,"column":16}},{"start":{"line":11,"column":13},"end":{"line":7,"column":null}}],"line":11},"3":{"loc":{"start":{"line":11,"column":13},"end":{"line":11,"column":null}},"type":"binary-expr","locations":[{"start":{"line":11,"column":13},"end":{"line":11,"column":16}},{"start":{"line":11,"column":13},"end":{"line":11,"column":16}},{"start":{"line":11,"column":13},"end":{"line":11,"column":null}}],"line":11}},"s":{"0":1,"1":3,"2":1,"3":1,"4":4,"5":1},"f":{"0":1},"b":{"0":[3,3],"1":[3,1],"2":[1,1,1],"3":[1,1,1]},"meta":{"lastBranch":4,"lastFunction":1,"lastStatement":6,"seen":{"s:11:6:7:24":0,"s:12:29:12:Infinity":1,"s:11:13:7:24":2,"s:11:13:11:Infinity":3,"b:11:13:11:16:11:13:11:16":0,"f:11:16:11:Infinity":0,"b:11:16:5:Infinity:undefined:undefined:undefined:undefined":1,"s:11:16:5:Infinity":4,"s:11:13:7:Infinity":5,"b:11:13:11:16:11:13:11:16:11:13:7:Infinity":2,"b:11:13:11:16:11:13:11:16:11:13:11:Infinity":3},"fnNames":{}}},"C:\\Users\\oadmin\\home\\resources\\projects\\angular-quiz\\ponyracer\\src\\app\\app.html":{"path":"C:\\Users\\oadmin\\home\\resources\\projects\\angular-quiz\\ponyracer\\src\\app\\app.html","statementMap":{"0":{"start":{"line":1,"column":0},"end":{"line":1,"column":null}},"1":{"start":{"line":2,"column":0},"end":{"line":2,"column":null}},"2":{"start":{"line":3,"column":6},"end":{"line":3,"column":15}},"3":{"start":{"line":3,"column":15},"end":{"line":3,"column":null}},"4":{"start":{"line":4,"column":2},"end":{"line":4,"column":null}},"5":{"start":{"line":5,"column":0},"end":{"line":5,"column":null}}},"fnMap":{},"branchMap":{},"s":{"0":3,"1":3,"2":3,"3":3,"4":3,"5":3},"f":{},"b":{},"meta":{"lastBranch":0,"lastFunction":0,"lastStatement":6,"seen":{"s:1:0:1:Infinity":0,"s:2:0:2:Infinity":1,"s:3:6:3:15":2,"s:3:15:3:Infinity":3,"s:4:2:4:Infinity":4,"s:5:0:5:Infinity":5},"fnNames":{}}}}}